<?xml version="1.0" encoding="UTF-8"?>
<!-- Generated by org.testng.reporters.JUnitReportReporter -->
<testsuite skipped="0" hostname="MLPT003" name="com.mv.app.SeleniumTest" tests="2" failures="0" timestamp="2020-01-27T16:48:16 IST" time="0.007" errors="0">
  <testcase name="browserAutomation" time="0.007" classname="com.mv.app.SeleniumTest"/>
  <system-out/>
  <testcase name="elementsUI" time="0.000" classname="com.mv.app.SeleniumTest"/>
  <system-out/>
</testsuite> <!-- com.mv.app.SeleniumTest -->
