<?xml version="1.0" encoding="UTF-8"?>
<!-- Generated by org.testng.reporters.JUnitReportReporter -->
<testsuite skipped="0" hostname="MLPT003" name="com.mv.app.AppiumTest" tests="2" failures="0" timestamp="2020-01-27T16:47:55 IST" time="0.000" errors="0">
  <testcase name="nativeApp" time="0.000" classname="com.mv.app.AppiumTest"/>
  <system-out/>
  <testcase name="hybridApp" time="0.000" classname="com.mv.app.AppiumTest"/>
  <system-out/>
</testsuite> <!-- com.mv.app.AppiumTest -->
